TN:
SF:/Users/franndyabreu/Desktop/Platzi-Verse/platziverse-db/index.js
FN:12,(anonymous_0)
FNF:1
FNH:1
FNDA:10,(anonymous_0)
DA:4,10
DA:5,10
DA:6,10
DA:7,10
DA:8,10
DA:10,10
DA:12,10
DA:13,10
DA:24,10
DA:25,10
DA:26,10
DA:28,10
DA:29,10
DA:31,10
DA:35,10
DA:36,0
DA:38,10
DA:39,10
DA:41,10
LF:19
LH:18
BRDA:35,0,0,0
BRDA:35,0,1,10
BRF:2
BRH:1
end_of_record
TN:
SF:/Users/franndyabreu/Desktop/Platzi-Verse/platziverse-db/lib/agent.js
FN:3,setupAgent
FN:4,findById
FN:8,findByUuid
FN:14,findAll
FN:18,findConnected
FN:26,findByUsername
FN:32,createOrUpdate
FNF:7
FNH:3
FNDA:10,setupAgent
FNDA:1,findById
FNDA:0,findByUuid
FNDA:0,findAll
FNDA:0,findConnected
FNDA:0,findByUsername
FNDA:2,createOrUpdate
DA:3,2
DA:5,1
DA:9,0
DA:15,0
DA:19,0
DA:27,0
DA:34,2
DA:40,2
DA:42,2
DA:43,1
DA:44,1
DA:47,1
DA:48,1
DA:51,10
LF:14
LH:10
BRDA:42,0,0,1
BRDA:42,0,1,1
BRDA:44,1,0,1
BRDA:44,1,1,0
BRF:4
BRH:3
end_of_record
TN:
SF:/Users/franndyabreu/Desktop/Platzi-Verse/platziverse-db/lib/db.js
FN:6,setupDB
FNF:1
FNH:1
FNDA:10,setupDB
DA:3,2
DA:4,2
DA:6,2
DA:7,10
DA:8,2
DA:10,10
LF:6
LH:6
BRDA:7,0,0,2
BRDA:7,0,1,8
BRF:2
BRH:2
end_of_record
TN:
SF:/Users/franndyabreu/Desktop/Platzi-Verse/platziverse-db/lib/metric.js
FN:2,setupMetric
FN:3,findByAgentUuid
FN:20,findByTypeAgentUuid
FN:40,create
FNF:4
FNH:4
FNDA:10,setupMetric
FNDA:1,findByAgentUuid
FNDA:1,findByTypeAgentUuid
FNDA:1,create
DA:2,2
DA:4,1
DA:21,1
DA:41,1
DA:43,1
DA:44,1
DA:45,1
DA:46,1
DA:50,10
LF:9
LH:9
BRDA:43,0,0,1
BRDA:43,0,1,0
BRF:2
BRH:1
end_of_record
TN:
SF:/Users/franndyabreu/Desktop/Platzi-Verse/platziverse-db/models/agent.js
FN:6,setupAgentModel
FNF:1
FNH:0
FNDA:0,setupAgentModel
DA:3,2
DA:4,2
DA:6,2
DA:7,0
DA:9,0
LF:5
LH:3
BRF:0
BRH:0
end_of_record
TN:
SF:/Users/franndyabreu/Desktop/Platzi-Verse/platziverse-db/models/metric.js
FN:6,setupMetricModel
FNF:1
FNH:0
FNDA:0,setupMetricModel
DA:3,2
DA:4,2
DA:6,2
DA:7,0
DA:9,0
LF:5
LH:3
BRF:0
BRH:0
end_of_record
TN:
SF:/Users/franndyabreu/Desktop/Platzi-Verse/platziverse-db/tests/fixtures/agent.js
FN:34,extendObj
FN:42,(anonymous_1)
FN:43,(anonymous_2)
FN:44,(anonymous_3)
FN:44,(anonymous_4)
FN:45,(anonymous_5)
FN:45,(anonymous_6)
FNF:7
FNH:7
FNDA:6,extendObj
FNDA:8,(anonymous_1)
FNDA:8,(anonymous_2)
FNDA:10,(anonymous_3)
FNDA:40,(anonymous_4)
FNDA:6,(anonymous_5)
FNDA:24,(anonymous_6)
DA:3,2
DA:15,2
DA:35,6
DA:36,6
DA:39,2
DA:42,8
DA:43,8
DA:44,40
DA:45,24
LF:9
LH:9
BRF:0
BRH:0
end_of_record
TN:
SF:/Users/franndyabreu/Desktop/Platzi-Verse/platziverse-db/tests/fixtures/metric.js
FN:21,extendObj
FN:29,(anonymous_1)
FN:31,(anonymous_2)
FN:31,(anonymous_3)
FN:35,(anonymous_4)
FN:36,(anonymous_5)
FN:37,(anonymous_6)
FNF:7
FNH:6
FNDA:6,extendObj
FNDA:7,(anonymous_1)
FNDA:49,(anonymous_2)
FNDA:7,(anonymous_3)
FNDA:7,(anonymous_4)
FNDA:49,(anonymous_5)
FNDA:0,(anonymous_6)
DA:3,1
DA:11,1
DA:22,6
DA:23,6
DA:26,1
DA:30,7
DA:31,49
DA:32,7
DA:36,49
DA:37,7
LF:10
LH:10
BRDA:36,0,0,49
BRDA:36,0,1,28
BRF:2
BRH:2
end_of_record
