TN:
SF:/Users/franndyabreu/Desktop/Platzi-Verse/platziverse-db/index.js
FN:12,(anonymous_0)
FNF:1
FNH:1
FNDA:9,(anonymous_0)
DA:4,9
DA:5,9
DA:6,9
DA:7,9
DA:8,9
DA:10,9
DA:12,9
DA:13,9
DA:24,9
DA:25,9
DA:26,9
DA:28,9
DA:29,9
DA:31,9
DA:35,9
DA:36,0
DA:38,9
DA:39,9
DA:41,9
LF:19
LH:18
BRDA:35,0,0,0
BRDA:35,0,1,9
BRF:2
BRH:1
end_of_record
TN:
SF:/Users/franndyabreu/Desktop/Platzi-Verse/platziverse-db/lib/agent.js
FN:3,setupAgent
FN:4,findById
FN:8,findByUuid
FN:14,findAll
FN:18,findConnected
FN:26,findByUsername
FN:32,createOrUpdate
FNF:7
FNH:3
FNDA:9,setupAgent
FNDA:1,findById
FNDA:0,findByUuid
FNDA:0,findAll
FNDA:0,findConnected
FNDA:0,findByUsername
FNDA:2,createOrUpdate
DA:3,2
DA:5,1
DA:9,0
DA:15,0
DA:19,0
DA:27,0
DA:34,2
DA:40,2
DA:42,2
DA:43,1
DA:44,1
DA:47,1
DA:48,1
DA:51,9
LF:14
LH:10
BRDA:42,0,0,1
BRDA:42,0,1,1
BRDA:44,1,0,1
BRDA:44,1,1,0
BRF:4
BRH:3
end_of_record
TN:
SF:/Users/franndyabreu/Desktop/Platzi-Verse/platziverse-db/lib/db.js
FN:6,setupDB
FNF:1
FNH:1
FNDA:9,setupDB
DA:3,2
DA:4,2
DA:6,2
DA:7,9
DA:8,2
DA:10,9
LF:6
LH:6
BRDA:7,0,0,2
BRDA:7,0,1,7
BRF:2
BRH:2
end_of_record
TN:
SF:/Users/franndyabreu/Desktop/Platzi-Verse/platziverse-db/lib/metric.js
FN:2,setupMetric
FN:3,findAll
FN:7,findByAgentUuid
FN:24,findByTypeAgentUuid
FN:44,create
FNF:5
FNH:4
FNDA:9,setupMetric
FNDA:0,findAll
FNDA:1,findByAgentUuid
FNDA:1,findByTypeAgentUuid
FNDA:1,create
DA:2,2
DA:4,0
DA:8,1
DA:25,1
DA:45,1
DA:47,1
DA:48,0
DA:49,0
DA:50,0
DA:54,9
LF:10
LH:6
BRDA:47,0,0,0
BRDA:47,0,1,1
BRF:2
BRH:1
end_of_record
TN:
SF:/Users/franndyabreu/Desktop/Platzi-Verse/platziverse-db/models/agent.js
FN:6,setupAgentModel
FNF:1
FNH:0
FNDA:0,setupAgentModel
DA:3,2
DA:4,2
DA:6,2
DA:7,0
DA:9,0
LF:5
LH:3
BRF:0
BRH:0
end_of_record
TN:
SF:/Users/franndyabreu/Desktop/Platzi-Verse/platziverse-db/models/metric.js
FN:6,setupMetricModel
FNF:1
FNH:0
FNDA:0,setupMetricModel
DA:3,2
DA:4,2
DA:6,2
DA:7,0
DA:9,0
LF:5
LH:3
BRF:0
BRH:0
end_of_record
TN:
SF:/Users/franndyabreu/Desktop/Platzi-Verse/platziverse-db/tests/fixtures/agent.js
FN:34,extendObj
FN:42,(anonymous_1)
FN:43,(anonymous_2)
FN:44,(anonymous_3)
FN:44,(anonymous_4)
FN:45,(anonymous_5)
FN:45,(anonymous_6)
FNF:7
FNH:7
FNDA:3,extendObj
FNDA:4,(anonymous_1)
FNDA:4,(anonymous_2)
FNDA:5,(anonymous_3)
FNDA:20,(anonymous_4)
FNDA:6,(anonymous_5)
FNDA:24,(anonymous_6)
DA:3,1
DA:15,1
DA:35,3
DA:36,3
DA:39,1
DA:42,4
DA:43,4
DA:44,20
DA:45,24
LF:9
LH:9
BRF:0
BRH:0
end_of_record
TN:
SF:/Users/franndyabreu/Desktop/Platzi-Verse/platziverse-db/tests/fixtures/metric.js
FN:22,extendObj
FN:30,(anonymous_1)
FN:32,(anonymous_2)
FN:32,(anonymous_3)
FN:36,(anonymous_4)
FN:37,(anonymous_5)
FN:38,(anonymous_6)
FNF:7
FNH:7
FNDA:6,extendObj
FNDA:6,(anonymous_1)
FNDA:42,(anonymous_2)
FNDA:18,(anonymous_3)
FNDA:6,(anonymous_4)
FNDA:42,(anonymous_5)
FNDA:6,(anonymous_6)
DA:3,1
DA:12,1
DA:23,6
DA:24,6
DA:27,1
DA:31,6
DA:32,42
DA:33,6
DA:37,42
DA:38,6
LF:10
LH:10
BRDA:37,0,0,42
BRDA:37,0,1,24
BRF:2
BRH:2
end_of_record
